<?xml version="1.0" encoding="UTF-8"?>
<!-- Generated by org.testng.reporters.JUnitXMLReporter -->
<testsuite ignored="0" hostname="akilan-18633-gf" failures="0" tests="2" name="Test" time="59.651" errors="0" timestamp="2024-01-08T18:01:51 IST">
  <testcase classname="pomtests.SearchUsersTest" name="@BeforeClass playwrightStartup" time="59.503">
    <failure type="com.microsoft.playwright.TimeoutError" message="Error {
  message=&amp;apos;Timeout 30000ms exceeded.
  name=&amp;apos;TimeoutError
  stack=&amp;apos;TimeoutError: Timeout 30000ms exceeded.
    at ProgressController.run (C:\Users\AKILAN~1\AppData\Local\Temp\playwright-java-2046511698108641875\package\lib\server\progress.js:87:26)
    at Frame.waitForSelector (C:\Users\AKILAN~1\AppData\Local\Temp\playwright-java-2046511698108641875\package\lib\server\frames.js:619:23)
    at FrameDispatcher.waitForSelector (C:\Users\AKILAN~1\AppData\Local\Temp\playwright-java-2046511698108641875\package\lib\server\dispatchers\frameDispatcher.js:100:103)
    at FrameDispatcher._handleCommand (C:\Users\AKILAN~1\AppData\Local\Temp\playwright-java-2046511698108641875\package\lib\server\dispatchers\dispatcher.js:84:40)
    at DispatcherConnection.dispatch (C:\Users\AKILAN~1\AppData\Local\Temp\playwright-java-2046511698108641875\package\lib\server\dispatchers\dispatcher.js:351:39)
}
Call log:
- waiting for locator(&amp;quot;[id=&amp;apos;txtUsername&amp;apos;]&amp;quot;) to be visible
">
      <![CDATA[com.microsoft.playwright.TimeoutError: Error {
  message='Timeout 30000ms exceeded.
  name='TimeoutError
  stack='TimeoutError: Timeout 30000ms exceeded.
    at ProgressController.run (C:\Users\AKILAN~1\AppData\Local\Temp\playwright-java-2046511698108641875\package\lib\server\progress.js:87:26)
    at Frame.waitForSelector (C:\Users\AKILAN~1\AppData\Local\Temp\playwright-java-2046511698108641875\package\lib\server\frames.js:619:23)
    at FrameDispatcher.waitForSelector (C:\Users\AKILAN~1\AppData\Local\Temp\playwright-java-2046511698108641875\package\lib\server\dispatchers\frameDispatcher.js:100:103)
    at FrameDispatcher._handleCommand (C:\Users\AKILAN~1\AppData\Local\Temp\playwright-java-2046511698108641875\package\lib\server\dispatchers\dispatcher.js:84:40)
    at DispatcherConnection.dispatch (C:\Users\AKILAN~1\AppData\Local\Temp\playwright-java-2046511698108641875\package\lib\server\dispatchers\dispatcher.js:351:39)
}
Call log:
- waiting for locator("[id='txtUsername']") to be visible

at com.microsoft.playwright.impl.WaitableResult.get(WaitableResult.java:52)
at com.microsoft.playwright.impl.ChannelOwner.runUntil(ChannelOwner.java:120)
at com.microsoft.playwright.impl.Connection.sendMessage(Connection.java:129)
at com.microsoft.playwright.impl.ChannelOwner.sendMessage(ChannelOwner.java:106)
at com.microsoft.playwright.impl.FrameImpl.waitForSelectorImpl(FrameImpl.java:1060)
at com.microsoft.playwright.impl.FrameImpl.waitForSelectorImpl(FrameImpl.java:1050)
at com.microsoft.playwright.impl.PageImpl.lambda$waitForSelector$91(PageImpl.java:1449)
at com.microsoft.playwright.impl.LoggingSupport.withLogging(LoggingSupport.java:47)
at com.microsoft.playwright.impl.ChannelOwner.withLogging(ChannelOwner.java:89)
at com.microsoft.playwright.impl.PageImpl.waitForSelector(PageImpl.java:1448)
at com.microsoft.playwright.Page.waitForSelector(Page.java:7802)
at PageTestClass.BaseClass.launchApplication(BaseClass.java:38)
at pomtests.SearchUsersTest.playwrightStartup(SearchUsersTest.java:24)
at java.base/java.util.ArrayList.forEach(ArrayList.java:1511)
Caused by: com.microsoft.playwright.TimeoutError: Error {
  message='Timeout 30000ms exceeded.
  name='TimeoutError
  stack='TimeoutError: Timeout 30000ms exceeded.
    at ProgressController.run (C:\Users\AKILAN~1\AppData\Local\Temp\playwright-java-2046511698108641875\package\lib\server\progress.js:87:26)
    at Frame.waitForSelector (C:\Users\AKILAN~1\AppData\Local\Temp\playwright-java-2046511698108641875\package\lib\server\frames.js:619:23)
    at FrameDispatcher.waitForSelector (C:\Users\AKILAN~1\AppData\Local\Temp\playwright-java-2046511698108641875\package\lib\server\dispatchers\frameDispatcher.js:100:103)
    at FrameDispatcher._handleCommand (C:\Users\AKILAN~1\AppData\Local\Temp\playwright-java-2046511698108641875\package\lib\server\dispatchers\dispatcher.js:84:40)
    at DispatcherConnection.dispatch (C:\Users\AKILAN~1\AppData\Local\Temp\playwright-java-2046511698108641875\package\lib\server\dispatchers\dispatcher.js:351:39)
}
Call log:
- waiting for locator("[id='txtUsername']") to be visible

at com.microsoft.playwright.impl.Connection.dispatch(Connection.java:252)
at com.microsoft.playwright.impl.Connection.processOneMessage(Connection.java:209)
at com.microsoft.playwright.impl.ChannelOwner.runUntil(ChannelOwner.java:118)
... 37 more
... Removed 25 stack frames]]>
    </failure>
  </testcase> <!-- @BeforeClass playwrightStartup -->
  <testcase classname="pomtests.SearchUsersTest" name="@AfterClass playwrightClose" time="0.0">
    <skipped/>
  </testcase> <!-- @AfterClass playwrightClose -->
  <testcase classname="pomtests.SearchUsersTest" name="loginTest" time="0.0">
    <skipped/>
  </testcase> <!-- loginTest -->
  <testcase classname="pomtests.SearchUsersTest" name="searchUsersTest" time="0.0">
    <skipped/>
  </testcase> <!-- searchUsersTest -->
</testsuite> <!-- Test -->
