<?xml version="1.0" encoding="UTF-8"?>
<testng-results ignored="0" total="2" passed="0" failed="0" skipped="2">
  <reporter-output>
  </reporter-output>
  <suite started-at="2024-01-08T18:00:51 IST" name="Suite" finished-at="2024-01-08T18:01:51 IST" duration-ms="59651">
    <groups>
    </groups>
    <test started-at="2024-01-08T18:00:51 IST" name="Test" finished-at="2024-01-08T18:01:51 IST" duration-ms="59651">
      <class name="pomtests.SearchUsersTest">
        <test-method is-config="true" signature="playwrightStartup(java.lang.String,java.lang.String,java.lang.String)[pri:0, instance:pomtests.SearchUsersTest@ffaa6af]" started-at="2024-01-08T18:00:51 IST" name="playwrightStartup" finished-at="2024-01-08T18:01:50 IST" duration-ms="59503" status="FAIL">
          <params>
            <param index="0">
              <value>
                <![CDATA[https://opensource-demo.orangehrmlive.com/]]>
              </value>
            </param>
            <param index="1">
              <value>
                <![CDATA[chrome]]>
              </value>
            </param>
            <param index="2">
              <value>
                <![CDATA[false]]>
              </value>
            </param>
          </params>
          <exception class="com.microsoft.playwright.TimeoutError">
            <message>
              <![CDATA[Error {
  message='Timeout 30000ms exceeded.
  name='TimeoutError
  stack='TimeoutError: Timeout 30000ms exceeded.
    at ProgressController.run (C:\Users\AKILAN~1\AppData\Local\Temp\playwright-java-2046511698108641875\package\lib\server\progress.js:87:26)
    at Frame.waitForSelector (C:\Users\AKILAN~1\AppData\Local\Temp\playwright-java-2046511698108641875\package\lib\server\frames.js:619:23)
    at FrameDispatcher.waitForSelector (C:\Users\AKILAN~1\AppData\Local\Temp\playwright-java-2046511698108641875\package\lib\server\dispatchers\frameDispatcher.js:100:103)
    at FrameDispatcher._handleCommand (C:\Users\AKILAN~1\AppData\Local\Temp\playwright-java-2046511698108641875\package\lib\server\dispatchers\dispatcher.js:84:40)
    at DispatcherConnection.dispatch (C:\Users\AKILAN~1\AppData\Local\Temp\playwright-java-2046511698108641875\package\lib\server\dispatchers\dispatcher.js:351:39)
}
Call log:
- waiting for locator("[id='txtUsername']") to be visible
]]>
            </message>
            <full-stacktrace>
              <![CDATA[com.microsoft.playwright.TimeoutError: Error {
  message='Timeout 30000ms exceeded.
  name='TimeoutError
  stack='TimeoutError: Timeout 30000ms exceeded.
    at ProgressController.run (C:\Users\AKILAN~1\AppData\Local\Temp\playwright-java-2046511698108641875\package\lib\server\progress.js:87:26)
    at Frame.waitForSelector (C:\Users\AKILAN~1\AppData\Local\Temp\playwright-java-2046511698108641875\package\lib\server\frames.js:619:23)
    at FrameDispatcher.waitForSelector (C:\Users\AKILAN~1\AppData\Local\Temp\playwright-java-2046511698108641875\package\lib\server\dispatchers\frameDispatcher.js:100:103)
    at FrameDispatcher._handleCommand (C:\Users\AKILAN~1\AppData\Local\Temp\playwright-java-2046511698108641875\package\lib\server\dispatchers\dispatcher.js:84:40)
    at DispatcherConnection.dispatch (C:\Users\AKILAN~1\AppData\Local\Temp\playwright-java-2046511698108641875\package\lib\server\dispatchers\dispatcher.js:351:39)
}
Call log:
- waiting for locator("[id='txtUsername']") to be visible

at com.microsoft.playwright.impl.WaitableResult.get(WaitableResult.java:52)
at com.microsoft.playwright.impl.ChannelOwner.runUntil(ChannelOwner.java:120)
at com.microsoft.playwright.impl.Connection.sendMessage(Connection.java:129)
at com.microsoft.playwright.impl.ChannelOwner.sendMessage(ChannelOwner.java:106)
at com.microsoft.playwright.impl.FrameImpl.waitForSelectorImpl(FrameImpl.java:1060)
at com.microsoft.playwright.impl.FrameImpl.waitForSelectorImpl(FrameImpl.java:1050)
at com.microsoft.playwright.impl.PageImpl.lambda$waitForSelector$91(PageImpl.java:1449)
at com.microsoft.playwright.impl.LoggingSupport.withLogging(LoggingSupport.java:47)
at com.microsoft.playwright.impl.ChannelOwner.withLogging(ChannelOwner.java:89)
at com.microsoft.playwright.impl.PageImpl.waitForSelector(PageImpl.java:1448)
at com.microsoft.playwright.Page.waitForSelector(Page.java:7802)
at PageTestClass.BaseClass.launchApplication(BaseClass.java:38)
at pomtests.SearchUsersTest.playwrightStartup(SearchUsersTest.java:24)
at java.base/jdk.internal.reflect.NativeMethodAccessorImpl.invoke0(Native Method)
at java.base/jdk.internal.reflect.NativeMethodAccessorImpl.invoke(NativeMethodAccessorImpl.java:77)
at java.base/jdk.internal.reflect.DelegatingMethodAccessorImpl.invoke(DelegatingMethodAccessorImpl.java:43)
at java.base/java.lang.reflect.Method.invoke(Method.java:568)
at org.testng.internal.invokers.MethodInvocationHelper.invokeMethod(MethodInvocationHelper.java:139)
at org.testng.internal.invokers.MethodInvocationHelper.invokeMethodConsideringTimeout(MethodInvocationHelper.java:69)
at org.testng.internal.invokers.ConfigInvoker.invokeConfigurationMethod(ConfigInvoker.java:361)
at org.testng.internal.invokers.ConfigInvoker.invokeConfigurations(ConfigInvoker.java:296)
at org.testng.internal.invokers.TestMethodWorker.invokeBeforeClassMethods(TestMethodWorker.java:180)
at org.testng.internal.invokers.TestMethodWorker.run(TestMethodWorker.java:122)
at java.base/java.util.ArrayList.forEach(ArrayList.java:1511)
at org.testng.TestRunner.privateRun(TestRunner.java:806)
at org.testng.TestRunner.run(TestRunner.java:601)
at org.testng.SuiteRunner.runTest(SuiteRunner.java:433)
at org.testng.SuiteRunner.runSequentially(SuiteRunner.java:427)
at org.testng.SuiteRunner.privateRun(SuiteRunner.java:387)
at org.testng.SuiteRunner.run(SuiteRunner.java:330)
at org.testng.SuiteRunnerWorker.runSuite(SuiteRunnerWorker.java:52)
at org.testng.SuiteRunnerWorker.run(SuiteRunnerWorker.java:95)
at org.testng.TestNG.runSuitesSequentially(TestNG.java:1256)
at org.testng.TestNG.runSuitesLocally(TestNG.java:1176)
at org.testng.TestNG.runSuites(TestNG.java:1099)
at org.testng.TestNG.run(TestNG.java:1067)
at org.testng.remote.AbstractRemoteTestNG.run(AbstractRemoteTestNG.java:115)
at org.testng.remote.RemoteTestNG.initAndRun(RemoteTestNG.java:251)
at org.testng.remote.RemoteTestNG.main(RemoteTestNG.java:77)
Caused by: com.microsoft.playwright.TimeoutError: Error {
  message='Timeout 30000ms exceeded.
  name='TimeoutError
  stack='TimeoutError: Timeout 30000ms exceeded.
    at ProgressController.run (C:\Users\AKILAN~1\AppData\Local\Temp\playwright-java-2046511698108641875\package\lib\server\progress.js:87:26)
    at Frame.waitForSelector (C:\Users\AKILAN~1\AppData\Local\Temp\playwright-java-2046511698108641875\package\lib\server\frames.js:619:23)
    at FrameDispatcher.waitForSelector (C:\Users\AKILAN~1\AppData\Local\Temp\playwright-java-2046511698108641875\package\lib\server\dispatchers\frameDispatcher.js:100:103)
    at FrameDispatcher._handleCommand (C:\Users\AKILAN~1\AppData\Local\Temp\playwright-java-2046511698108641875\package\lib\server\dispatchers\dispatcher.js:84:40)
    at DispatcherConnection.dispatch (C:\Users\AKILAN~1\AppData\Local\Temp\playwright-java-2046511698108641875\package\lib\server\dispatchers\dispatcher.js:351:39)
}
Call log:
- waiting for locator("[id='txtUsername']") to be visible

at com.microsoft.playwright.impl.Connection.dispatch(Connection.java:252)
at com.microsoft.playwright.impl.Connection.processOneMessage(Connection.java:209)
at com.microsoft.playwright.impl.ChannelOwner.runUntil(ChannelOwner.java:118)
... 37 more
]]>
            </full-stacktrace>
          </exception> <!-- com.microsoft.playwright.TimeoutError -->
          <reporter-output>
          </reporter-output>
        </test-method> <!-- playwrightStartup -->
        <test-method signature="loginTest(java.lang.String,java.lang.String)[pri:1, instance:pomtests.SearchUsersTest@ffaa6af]" started-at="2024-01-08T18:01:50 IST" name="loginTest" finished-at="2024-01-08T18:01:50 IST" duration-ms="0" status="SKIP">
          <params>
            <param index="0">
              <value>
                <![CDATA[Admin]]>
              </value>
            </param>
            <param index="1">
              <value>
                <![CDATA[admin123]]>
              </value>
            </param>
          </params>
          <exception class="com.microsoft.playwright.TimeoutError">
            <message>
              <![CDATA[Error {
  message='Timeout 30000ms exceeded.
  name='TimeoutError
  stack='TimeoutError: Timeout 30000ms exceeded.
    at ProgressController.run (C:\Users\AKILAN~1\AppData\Local\Temp\playwright-java-2046511698108641875\package\lib\server\progress.js:87:26)
    at Frame.waitForSelector (C:\Users\AKILAN~1\AppData\Local\Temp\playwright-java-2046511698108641875\package\lib\server\frames.js:619:23)
    at FrameDispatcher.waitForSelector (C:\Users\AKILAN~1\AppData\Local\Temp\playwright-java-2046511698108641875\package\lib\server\dispatchers\frameDispatcher.js:100:103)
    at FrameDispatcher._handleCommand (C:\Users\AKILAN~1\AppData\Local\Temp\playwright-java-2046511698108641875\package\lib\server\dispatchers\dispatcher.js:84:40)
    at DispatcherConnection.dispatch (C:\Users\AKILAN~1\AppData\Local\Temp\playwright-java-2046511698108641875\package\lib\server\dispatchers\dispatcher.js:351:39)
}
Call log:
- waiting for locator("[id='txtUsername']") to be visible
]]>
            </message>
            <full-stacktrace>
              <![CDATA[com.microsoft.playwright.TimeoutError: Error {
  message='Timeout 30000ms exceeded.
  name='TimeoutError
  stack='TimeoutError: Timeout 30000ms exceeded.
    at ProgressController.run (C:\Users\AKILAN~1\AppData\Local\Temp\playwright-java-2046511698108641875\package\lib\server\progress.js:87:26)
    at Frame.waitForSelector (C:\Users\AKILAN~1\AppData\Local\Temp\playwright-java-2046511698108641875\package\lib\server\frames.js:619:23)
    at FrameDispatcher.waitForSelector (C:\Users\AKILAN~1\AppData\Local\Temp\playwright-java-2046511698108641875\package\lib\server\dispatchers\frameDispatcher.js:100:103)
    at FrameDispatcher._handleCommand (C:\Users\AKILAN~1\AppData\Local\Temp\playwright-java-2046511698108641875\package\lib\server\dispatchers\dispatcher.js:84:40)
    at DispatcherConnection.dispatch (C:\Users\AKILAN~1\AppData\Local\Temp\playwright-java-2046511698108641875\package\lib\server\dispatchers\dispatcher.js:351:39)
}
Call log:
- waiting for locator("[id='txtUsername']") to be visible

at com.microsoft.playwright.impl.WaitableResult.get(WaitableResult.java:52)
at com.microsoft.playwright.impl.ChannelOwner.runUntil(ChannelOwner.java:120)
at com.microsoft.playwright.impl.Connection.sendMessage(Connection.java:129)
at com.microsoft.playwright.impl.ChannelOwner.sendMessage(ChannelOwner.java:106)
at com.microsoft.playwright.impl.FrameImpl.waitForSelectorImpl(FrameImpl.java:1060)
at com.microsoft.playwright.impl.FrameImpl.waitForSelectorImpl(FrameImpl.java:1050)
at com.microsoft.playwright.impl.PageImpl.lambda$waitForSelector$91(PageImpl.java:1449)
at com.microsoft.playwright.impl.LoggingSupport.withLogging(LoggingSupport.java:47)
at com.microsoft.playwright.impl.ChannelOwner.withLogging(ChannelOwner.java:89)
at com.microsoft.playwright.impl.PageImpl.waitForSelector(PageImpl.java:1448)
at com.microsoft.playwright.Page.waitForSelector(Page.java:7802)
at PageTestClass.BaseClass.launchApplication(BaseClass.java:38)
at pomtests.SearchUsersTest.playwrightStartup(SearchUsersTest.java:24)
at java.base/jdk.internal.reflect.NativeMethodAccessorImpl.invoke0(Native Method)
at java.base/jdk.internal.reflect.NativeMethodAccessorImpl.invoke(NativeMethodAccessorImpl.java:77)
at java.base/jdk.internal.reflect.DelegatingMethodAccessorImpl.invoke(DelegatingMethodAccessorImpl.java:43)
at java.base/java.lang.reflect.Method.invoke(Method.java:568)
at org.testng.internal.invokers.MethodInvocationHelper.invokeMethod(MethodInvocationHelper.java:139)
at org.testng.internal.invokers.MethodInvocationHelper.invokeMethodConsideringTimeout(MethodInvocationHelper.java:69)
at org.testng.internal.invokers.ConfigInvoker.invokeConfigurationMethod(ConfigInvoker.java:361)
at org.testng.internal.invokers.ConfigInvoker.invokeConfigurations(ConfigInvoker.java:296)
at org.testng.internal.invokers.TestMethodWorker.invokeBeforeClassMethods(TestMethodWorker.java:180)
at org.testng.internal.invokers.TestMethodWorker.run(TestMethodWorker.java:122)
at java.base/java.util.ArrayList.forEach(ArrayList.java:1511)
at org.testng.TestRunner.privateRun(TestRunner.java:806)
at org.testng.TestRunner.run(TestRunner.java:601)
at org.testng.SuiteRunner.runTest(SuiteRunner.java:433)
at org.testng.SuiteRunner.runSequentially(SuiteRunner.java:427)
at org.testng.SuiteRunner.privateRun(SuiteRunner.java:387)
at org.testng.SuiteRunner.run(SuiteRunner.java:330)
at org.testng.SuiteRunnerWorker.runSuite(SuiteRunnerWorker.java:52)
at org.testng.SuiteRunnerWorker.run(SuiteRunnerWorker.java:95)
at org.testng.TestNG.runSuitesSequentially(TestNG.java:1256)
at org.testng.TestNG.runSuitesLocally(TestNG.java:1176)
at org.testng.TestNG.runSuites(TestNG.java:1099)
at org.testng.TestNG.run(TestNG.java:1067)
at org.testng.remote.AbstractRemoteTestNG.run(AbstractRemoteTestNG.java:115)
at org.testng.remote.RemoteTestNG.initAndRun(RemoteTestNG.java:251)
at org.testng.remote.RemoteTestNG.main(RemoteTestNG.java:77)
Caused by: com.microsoft.playwright.TimeoutError: Error {
  message='Timeout 30000ms exceeded.
  name='TimeoutError
  stack='TimeoutError: Timeout 30000ms exceeded.
    at ProgressController.run (C:\Users\AKILAN~1\AppData\Local\Temp\playwright-java-2046511698108641875\package\lib\server\progress.js:87:26)
    at Frame.waitForSelector (C:\Users\AKILAN~1\AppData\Local\Temp\playwright-java-2046511698108641875\package\lib\server\frames.js:619:23)
    at FrameDispatcher.waitForSelector (C:\Users\AKILAN~1\AppData\Local\Temp\playwright-java-2046511698108641875\package\lib\server\dispatchers\frameDispatcher.js:100:103)
    at FrameDispatcher._handleCommand (C:\Users\AKILAN~1\AppData\Local\Temp\playwright-java-2046511698108641875\package\lib\server\dispatchers\dispatcher.js:84:40)
    at DispatcherConnection.dispatch (C:\Users\AKILAN~1\AppData\Local\Temp\playwright-java-2046511698108641875\package\lib\server\dispatchers\dispatcher.js:351:39)
}
Call log:
- waiting for locator("[id='txtUsername']") to be visible

at com.microsoft.playwright.impl.Connection.dispatch(Connection.java:252)
at com.microsoft.playwright.impl.Connection.processOneMessage(Connection.java:209)
at com.microsoft.playwright.impl.ChannelOwner.runUntil(ChannelOwner.java:118)
... 37 more
]]>
            </full-stacktrace>
          </exception> <!-- com.microsoft.playwright.TimeoutError -->
          <reporter-output>
          </reporter-output>
        </test-method> <!-- loginTest -->
        <test-method signature="searchUsersTest()[pri:2, instance:pomtests.SearchUsersTest@ffaa6af]" started-at="2024-01-08T18:01:51 IST" name="searchUsersTest" finished-at="2024-01-08T18:01:51 IST" depends-on-methods="pomtests.SearchUsersTest.loginTest" duration-ms="0" status="SKIP">
          <exception class="java.lang.Throwable">
            <message>
              <![CDATA[Method pomtests.SearchUsersTest.searchUsersTest() on instance pomtests.SearchUsersTest@ffaa6af depends on not successfully finished methods 
[pomtests.SearchUsersTest.loginTest() on instance pomtests.SearchUsersTest@ffaa6af]]]>
            </message>
            <full-stacktrace>
              <![CDATA[java.lang.Throwable: Method pomtests.SearchUsersTest.searchUsersTest() on instance pomtests.SearchUsersTest@ffaa6af depends on not successfully finished methods 
[pomtests.SearchUsersTest.loginTest() on instance pomtests.SearchUsersTest@ffaa6af]
at org.testng.internal.invokers.TestInvoker.invokeTestMethods(TestInvoker.java:150)
at org.testng.internal.invokers.TestMethodWorker.invokeTestMethods(TestMethodWorker.java:148)
at org.testng.internal.invokers.TestMethodWorker.run(TestMethodWorker.java:128)
at java.base/java.util.ArrayList.forEach(ArrayList.java:1511)
at org.testng.TestRunner.privateRun(TestRunner.java:806)
at org.testng.TestRunner.run(TestRunner.java:601)
at org.testng.SuiteRunner.runTest(SuiteRunner.java:433)
at org.testng.SuiteRunner.runSequentially(SuiteRunner.java:427)
at org.testng.SuiteRunner.privateRun(SuiteRunner.java:387)
at org.testng.SuiteRunner.run(SuiteRunner.java:330)
at org.testng.SuiteRunnerWorker.runSuite(SuiteRunnerWorker.java:52)
at org.testng.SuiteRunnerWorker.run(SuiteRunnerWorker.java:95)
at org.testng.TestNG.runSuitesSequentially(TestNG.java:1256)
at org.testng.TestNG.runSuitesLocally(TestNG.java:1176)
at org.testng.TestNG.runSuites(TestNG.java:1099)
at org.testng.TestNG.run(TestNG.java:1067)
at org.testng.remote.AbstractRemoteTestNG.run(AbstractRemoteTestNG.java:115)
at org.testng.remote.RemoteTestNG.initAndRun(RemoteTestNG.java:251)
at org.testng.remote.RemoteTestNG.main(RemoteTestNG.java:77)
]]>
            </full-stacktrace>
          </exception> <!-- java.lang.Throwable -->
          <reporter-output>
          </reporter-output>
        </test-method> <!-- searchUsersTest -->
        <test-method is-config="true" signature="playwrightClose()[pri:0, instance:pomtests.SearchUsersTest@ffaa6af]" started-at="2024-01-08T18:01:51 IST" name="playwrightClose" finished-at="2024-01-08T18:01:51 IST" duration-ms="0" status="SKIP">
          <reporter-output>
          </reporter-output>
        </test-method> <!-- playwrightClose -->
      </class> <!-- pomtests.SearchUsersTest -->
    </test> <!-- Test -->
  </suite> <!-- Suite -->
</testng-results>
